C:\Users\Natsu\OneDrive\Bureau\Ninasu\backend\config\settings.py changed, reloading.
Watching for file changes with StatReloader
C:\Users\Natsu\OneDrive\Bureau\Ninasu\backend\users\models.py changed, reloading.
Watching for file changes with StatReloader
C:\Users\Natsu\OneDrive\Bureau\Ninasu\backend\things\admin.py changed, reloading.
Watching for file changes with StatReloader
C:\Users\Natsu\OneDrive\Bureau\Ninasu\backend\things\admin.py changed, reloading.
Watching for file changes with StatReloader
C:\Users\Natsu\OneDrive\Bureau\Ninasu\backend\things\views.py changed, reloading.
Watching for file changes with StatReloader
C:\Users\Natsu\OneDrive\Bureau\Ninasu\backend\things\views.py changed, reloading.
Watching for file changes with StatReloader
C:\Users\Natsu\OneDrive\Bureau\Ninasu\backend\things\serializers.py changed, reloading.
Watching for file changes with StatReloader
C:\Users\Natsu\OneDrive\Bureau\Ninasu\backend\users\serializers.py changed, reloading.
Watching for file changes with StatReloader
C:\Users\Natsu\OneDrive\Bureau\Ninasu\backend\users\views.py changed, reloading.
Watching for file changes with StatReloader
C:\Users\Natsu\OneDrive\Bureau\Ninasu\backend\users\views.py changed, reloading.
Watching for file changes with StatReloader
"OPTIONS /api/class-levels/ HTTP/1.1" 200 0
"OPTIONS /api/exercises/ HTTP/1.1" 200 0
"OPTIONS /api/subjects/ HTTP/1.1" 200 0
"OPTIONS /api/subjects/ HTTP/1.1" 200 0
"OPTIONS /api/auth/user/ HTTP/1.1" 200 0
"OPTIONS /api/class-levels/ HTTP/1.1" 200 0
"OPTIONS /api/exercises/ HTTP/1.1" 200 0
"OPTIONS /api/auth/user/ HTTP/1.1" 200 0
Unauthorized: /api/auth/user/
"GET /api/auth/user/ HTTP/1.1" 401 0
"GET /api/exercises/ HTTP/1.1" 200 52
"GET /api/class-levels/ HTTP/1.1" 200 52
"GET /api/subjects/ HTTP/1.1" 200 52
Unauthorized: /api/auth/user/
"GET /api/auth/user/ HTTP/1.1" 401 0
"GET /api/exercises/ HTTP/1.1" 200 52
"GET /api/class-levels/ HTTP/1.1" 200 52
"GET /api/subjects/ HTTP/1.1" 200 52
"GET /api/exercises/ HTTP/1.1" 200 52
"GET /api/exercises/ HTTP/1.1" 200 52
Unauthorized: /api/auth/user/
"GET /api/subjects/ HTTP/1.1" 200 52
"GET /api/auth/user/ HTTP/1.1" 401 0
Unauthorized: /api/auth/user/
"GET /api/subjects/ HTTP/1.1" 200 52
"GET /api/auth/user/ HTTP/1.1" 401 0
"GET /api/class-levels/ HTTP/1.1" 200 133
"GET /api/exercises/ HTTP/1.1" 200 52
"GET /api/class-levels/ HTTP/1.1" 200 133
"GET /api/exercises/ HTTP/1.1" 200 52
"GET /api/exercises/ HTTP/1.1" 200 52
"GET /api/exercises/ HTTP/1.1" 200 52
C:\Users\Natsu\OneDrive\Bureau\Ninasu\backend\things\models.py changed, reloading.
Watching for file changes with StatReloader
C:\Users\Natsu\OneDrive\Bureau\Ninasu\backend\things\models.py changed, reloading.
Watching for file changes with StatReloader
C:\Users\Natsu\OneDrive\Bureau\Ninasu\backend\things\serializers.py changed, reloading.
Watching for file changes with StatReloader
C:\Users\Natsu\OneDrive\Bureau\Ninasu\backend\things\models.py changed, reloading.
Watching for file changes with StatReloader
C:\Users\Natsu\OneDrive\Bureau\Ninasu\backend\things\models.py changed, reloading.
Watching for file changes with StatReloader
C:\Users\Natsu\OneDrive\Bureau\Ninasu\backend\things\models.py changed, reloading.
Watching for file changes with StatReloader
C:\Users\Natsu\OneDrive\Bureau\Ninasu\backend\things\serializers.py changed, reloading.
Watching for file changes with StatReloader
C:\Users\Natsu\OneDrive\Bureau\Ninasu\backend\things\views.py changed, reloading.
Watching for file changes with StatReloader
C:\Users\Natsu\OneDrive\Bureau\Ninasu\backend\things\views.py changed, reloading.
Watching for file changes with StatReloader
"OPTIONS /api/chapters/?subject[]= HTTP/1.1" 200 0
"OPTIONS /api/chapters/?subject[]= HTTP/1.1" 200 0
<rest_framework.request.Request: GET '/api/chapters/?subject[]='>
<QuerySet [<Chapter: Limites et continuité_None>, <Chapter: Dérivation et étude des fonctions_None>, <Chapter: Théorème des accroissements finis (TAF)_None>, <Chapter: Suites numériques_None>, <Chapter: Fonctions logarithmiques_None>, <Chapter: Fonctions exponentielles_None>, <Chapter: Équations différentielles_None>, <Chapter: Fonctions primitives_None>, <Chapter: Calcul intégral_None>, <Chapter: Nombres complexes_None>, <Chapter: Arithmétique_None>, <Chapter: Structures algébriques_None>, <Chapter: Probabilités_None>, <Chapter: Espaces vectoriels_None>, <Chapter: Produit scalaire_None>, <Chapter: Produit vectoriel_None>, <Chapter: Dénombrement_None>, <Chapter: Ondes mécaniques progressives_None>, <Chapter: Ondes mécaniques progressives périodiques_None>, <Chapter: Propagation des ondes lumineuses_None>, '...(remaining elements truncated)...']>
"GET /api/class-levels/ HTTP/1.1" 200 133
"GET /api/subjects/ HTTP/1.1" 200 52
"GET /api/subjects/ HTTP/1.1" 200 52
"GET /api/class-levels/ HTTP/1.1" 200 133
"GET /api/chapters/?subject[]= HTTP/1.1" 200 14018
<rest_framework.request.Request: GET '/api/chapters/?subject[]='>
<QuerySet [<Chapter: Limites et continuité_None>, <Chapter: Dérivation et étude des fonctions_None>, <Chapter: Théorème des accroissements finis (TAF)_None>, <Chapter: Suites numériques_None>, <Chapter: Fonctions logarithmiques_None>, <Chapter: Fonctions exponentielles_None>, <Chapter: Équations différentielles_None>, <Chapter: Fonctions primitives_None>, <Chapter: Calcul intégral_None>, <Chapter: Nombres complexes_None>, <Chapter: Arithmétique_None>, <Chapter: Structures algébriques_None>, <Chapter: Probabilités_None>, <Chapter: Espaces vectoriels_None>, <Chapter: Produit scalaire_None>, <Chapter: Produit vectoriel_None>, <Chapter: Dénombrement_None>, <Chapter: Ondes mécaniques progressives_None>, <Chapter: Ondes mécaniques progressives périodiques_None>, <Chapter: Propagation des ondes lumineuses_None>, '...(remaining elements truncated)...']>
"GET /api/chapters/?subject[]= HTTP/1.1" 200 14018
C:\Users\Natsu\OneDrive\Bureau\Ninasu\backend\things\serializers.py changed, reloading.
Watching for file changes with StatReloader
"OPTIONS /api/subjects/?class_level[]=2 HTTP/1.1" 200 0
"OPTIONS /api/chapters/?subject[]=&class_level[]=2 HTTP/1.1" 200 0
<rest_framework.request.Request: GET '/api/chapters/?subject[]=&class_level[]=2'>
<QuerySet [<Chapter: Limites et continuité_None>, <Chapter: Dérivation et étude des fonctions_None>, <Chapter: Suites numériques_None>, <Chapter: Fonctions logarithmiques_None>, <Chapter: Fonctions exponentielles_None>, <Chapter: Équations différentielles_None>, <Chapter: Fonctions primitives_None>, <Chapter: Calcul intégral_None>, <Chapter: Nombres complexes_None>, <Chapter: Probabilités_None>, <Chapter: Produit scalaire_None>, <Chapter: Produit vectoriel_None>, <Chapter: Dénombrement_None>, <Chapter: Ondes mécaniques progressives_None>, <Chapter: Ondes mécaniques progressives périodiques_None>, <Chapter: Propagation des ondes lumineuses_None>, <Chapter: Décroissance radioactive_None>, <Chapter: Noyaux, masse et énergie_None>, <Chapter: Dipôle RC_None>, <Chapter: Dipôle RL_None>, '...(remaining elements truncated)...']>
"GET /api/subjects/?class_level[]=2 HTTP/1.1" 200 316
"GET /api/chapters/?subject[]=&class_level[]=2 HTTP/1.1" 200 13001
<rest_framework.request.Request: GET '/api/chapters/?subject[]='>
"GET /api/subjects/ HTTP/1.1" 200 52
<QuerySet [<Chapter: Limites et continuité_None>, <Chapter: Dérivation et étude des fonctions_None>, <Chapter: Théorème des accroissements finis (TAF)_None>, <Chapter: Suites numériques_None>, <Chapter: Fonctions logarithmiques_None>, <Chapter: Fonctions exponentielles_None>, <Chapter: Équations différentielles_None>, <Chapter: Fonctions primitives_None>, <Chapter: Calcul intégral_None>, <Chapter: Nombres complexes_None>, <Chapter: Arithmétique_None>, <Chapter: Structures algébriques_None>, <Chapter: Probabilités_None>, <Chapter: Espaces vectoriels_None>, <Chapter: Produit scalaire_None>, <Chapter: Produit vectoriel_None>, <Chapter: Dénombrement_None>, <Chapter: Ondes mécaniques progressives_None>, <Chapter: Ondes mécaniques progressives périodiques_None>, <Chapter: Propagation des ondes lumineuses_None>, '...(remaining elements truncated)...']>
"GET /api/chapters/?subject[]= HTTP/1.1" 200 14018
<rest_framework.request.Request: GET '/api/chapters/?subject[]='>
"GET /api/subjects/ HTTP/1.1" 200 52
<QuerySet [<Chapter: Limites et continuité_None>, <Chapter: Dérivation et étude des fonctions_None>, <Chapter: Théorème des accroissements finis (TAF)_None>, <Chapter: Suites numériques_None>, <Chapter: Fonctions logarithmiques_None>, <Chapter: Fonctions exponentielles_None>, <Chapter: Équations différentielles_None>, <Chapter: Fonctions primitives_None>, <Chapter: Calcul intégral_None>, <Chapter: Nombres complexes_None>, <Chapter: Arithmétique_None>, <Chapter: Structures algébriques_None>, <Chapter: Probabilités_None>, <Chapter: Espaces vectoriels_None>, <Chapter: Produit scalaire_None>, <Chapter: Produit vectoriel_None>, <Chapter: Dénombrement_None>, <Chapter: Ondes mécaniques progressives_None>, <Chapter: Ondes mécaniques progressives périodiques_None>, <Chapter: Propagation des ondes lumineuses_None>, '...(remaining elements truncated)...']>
"GET /api/subjects/ HTTP/1.1" 200 52
"GET /api/class-levels/ HTTP/1.1" 200 133
"GET /api/class-levels/ HTTP/1.1" 200 133
"GET /api/chapters/?subject[]= HTTP/1.1" 200 14018
<rest_framework.request.Request: GET '/api/chapters/?subject[]='>
<QuerySet [<Chapter: Limites et continuité_None>, <Chapter: Dérivation et étude des fonctions_None>, <Chapter: Théorème des accroissements finis (TAF)_None>, <Chapter: Suites numériques_None>, <Chapter: Fonctions logarithmiques_None>, <Chapter: Fonctions exponentielles_None>, <Chapter: Équations différentielles_None>, <Chapter: Fonctions primitives_None>, <Chapter: Calcul intégral_None>, <Chapter: Nombres complexes_None>, <Chapter: Arithmétique_None>, <Chapter: Structures algébriques_None>, <Chapter: Probabilités_None>, <Chapter: Espaces vectoriels_None>, <Chapter: Produit scalaire_None>, <Chapter: Produit vectoriel_None>, <Chapter: Dénombrement_None>, <Chapter: Ondes mécaniques progressives_None>, <Chapter: Ondes mécaniques progressives périodiques_None>, <Chapter: Propagation des ondes lumineuses_None>, '...(remaining elements truncated)...']>
"GET /api/chapters/?subject[]= HTTP/1.1" 200 14018
"GET /api/subjects/ HTTP/1.1" 200 52
"GET /api/subjects/ HTTP/1.1" 200 52
"GET /api/exercises/ HTTP/1.1" 200 52
"GET /api/class-levels/ HTTP/1.1" 200 133
"GET /api/exercises/ HTTP/1.1" 200 52
"GET /api/class-levels/ HTTP/1.1" 200 133
"GET /api/exercises/ HTTP/1.1" 200 52
"GET /api/exercises/ HTTP/1.1" 200 52
"GET /api/subjects/ HTTP/1.1" 200 52
"GET /api/subjects/ HTTP/1.1" 200 52
"GET /api/class-levels/ HTTP/1.1" 200 133
"GET /api/exercises/ HTTP/1.1" 200 52
"GET /api/class-levels/ HTTP/1.1" 200 133
"GET /api/exercises/ HTTP/1.1" 200 52
"GET /api/exercises/ HTTP/1.1" 200 52
"GET /api/exercises/ HTTP/1.1" 200 52
"OPTIONS /api/auth/login/ HTTP/1.1" 200 0
Unauthorized: /api/auth/login/
"POST /api/auth/login/ HTTP/1.1" 401 31
"GET /api/exercises/ HTTP/1.1" 200 52
"GET /api/exercises/ HTTP/1.1" 200 52
"GET /api/subjects/ HTTP/1.1" 200 52
"GET /api/subjects/ HTTP/1.1" 200 52
"GET /api/exercises/ HTTP/1.1" 200 52
"GET /api/class-levels/ HTTP/1.1" 200 133
"GET /api/exercises/ HTTP/1.1" 200 52
"GET /api/class-levels/ HTTP/1.1" 200 133
"GET /api/exercises/ HTTP/1.1" 200 52
"GET /api/exercises/ HTTP/1.1" 200 52
"GET /api/class-levels/ HTTP/1.1" 200 133
"GET /api/subjects/ HTTP/1.1" 200 52
"GET /api/subjects/ HTTP/1.1" 200 52
"GET /api/class-levels/ HTTP/1.1" 200 133
"GET /api/exercises/ HTTP/1.1" 200 52
"GET /api/exercises/ HTTP/1.1" 200 52
"GET /api/exercises/ HTTP/1.1" 200 52
"GET /api/exercises/ HTTP/1.1" 200 52
Unauthorized: /api/auth/user/
"GET /api/subjects/ HTTP/1.1" 200 52
"GET /api/auth/user/ HTTP/1.1" 401 0
Unauthorized: /api/auth/user/
"GET /api/exercises/ HTTP/1.1" 200 52
"GET /api/subjects/ HTTP/1.1" 200 52
"GET /api/auth/user/ HTTP/1.1" 401 0
"GET /api/class-levels/ HTTP/1.1" 200 133
"GET /api/exercises/ HTTP/1.1" 200 52
"GET /api/class-levels/ HTTP/1.1" 200 133
"GET /api/exercises/ HTTP/1.1" 200 52
"GET /api/exercises/ HTTP/1.1" 200 52
"GET /api/subjects/ HTTP/1.1" 200 52
Unauthorized: /api/auth/user/
"GET /api/class-levels/ HTTP/1.1" 200 133
"GET /api/subjects/ HTTP/1.1" 200 52
"GET /api/auth/user/ HTTP/1.1" 401 0
Unauthorized: /api/auth/user/
"GET /api/auth/user/ HTTP/1.1" 401 0
"GET /api/exercises/ HTTP/1.1" 200 52
"GET /api/class-levels/ HTTP/1.1" 200 133
"GET /api/exercises/ HTTP/1.1" 200 52
"GET /api/exercises/ HTTP/1.1" 200 52
"GET /api/exercises/ HTTP/1.1" 200 52
"GET /api/subjects/?class_level[]=2 HTTP/1.1" 200 316
"OPTIONS /api/exercises/?class_levels[]=2 HTTP/1.1" 200 0
"OPTIONS /api/exercises/?class_levels[]=2 HTTP/1.1" 200 0
"GET /api/exercises/?class_levels[]=2 HTTP/1.1" 200 52
"GET /api/exercises/?class_levels[]=2 HTTP/1.1" 200 52
"GET /api/subjects/ HTTP/1.1" 200 52
"GET /api/exercises/ HTTP/1.1" 200 52
"GET /api/exercises/ HTTP/1.1" 200 52
"GET /api/subjects/?class_level[]=2 HTTP/1.1" 200 316
"GET /api/exercises/?class_levels[]=2 HTTP/1.1" 200 52
"GET /api/exercises/?class_levels[]=2 HTTP/1.1" 200 52
"GET /api/subjects/ HTTP/1.1" 200 52
"GET /api/exercises/ HTTP/1.1" 200 52
"GET /api/exercises/ HTTP/1.1" 200 52
Unauthorized: /api/auth/user/
"GET /api/subjects/ HTTP/1.1" 200 52
"GET /api/auth/user/ HTTP/1.1" 401 0
Unauthorized: /api/auth/user/
"GET /api/subjects/ HTTP/1.1" 200 52
"GET /api/auth/user/ HTTP/1.1" 401 0
"GET /api/class-levels/ HTTP/1.1" 200 133
"GET /api/exercises/ HTTP/1.1" 200 52
"GET /api/exercises/ HTTP/1.1" 200 52
"GET /api/class-levels/ HTTP/1.1" 200 133
"GET /api/exercises/ HTTP/1.1" 200 52
"GET /api/exercises/ HTTP/1.1" 200 52
"OPTIONS /api/auth/register/ HTTP/1.1" 200 0
"POST /api/auth/register/ HTTP/1.1" 200 330
"POST /api/auth/login/ HTTP/1.1" 200 330
"GET /api/auth/user/ HTTP/1.1" 200 330
"GET /api/exercises/ HTTP/1.1" 200 52
"GET /api/exercises/ HTTP/1.1" 200 52
"GET /api/exercises/ HTTP/1.1" 200 52
"GET /api/class-levels/ HTTP/1.1" 200 133
"GET /api/subjects/ HTTP/1.1" 200 52
"GET /api/exercises/ HTTP/1.1" 200 52
"GET /api/subjects/ HTTP/1.1" 200 52
"GET /api/exercises/ HTTP/1.1" 200 52
"GET /api/class-levels/ HTTP/1.1" 200 133
"GET /api/exercises/ HTTP/1.1" 200 52
<rest_framework.request.Request: GET '/api/chapters/?subject[]='>
"GET /api/subjects/ HTTP/1.1" 200 52
<QuerySet [<Chapter: Limites et continuité_None>, <Chapter: Dérivation et étude des fonctions_None>, <Chapter: Théorème des accroissements finis (TAF)_None>, <Chapter: Suites numériques_None>, <Chapter: Fonctions logarithmiques_None>, <Chapter: Fonctions exponentielles_None>, <Chapter: Équations différentielles_None>, <Chapter: Fonctions primitives_None>, <Chapter: Calcul intégral_None>, <Chapter: Nombres complexes_None>, <Chapter: Arithmétique_None>, <Chapter: Structures algébriques_None>, <Chapter: Probabilités_None>, <Chapter: Espaces vectoriels_None>, <Chapter: Produit scalaire_None>, <Chapter: Produit vectoriel_None>, <Chapter: Dénombrement_None>, <Chapter: Ondes mécaniques progressives_None>, <Chapter: Ondes mécaniques progressives périodiques_None>, <Chapter: Propagation des ondes lumineuses_None>, '...(remaining elements truncated)...']>
"GET /api/class-levels/ HTTP/1.1" 200 133
"GET /api/subjects/ HTTP/1.1" 200 52
"GET /api/class-levels/ HTTP/1.1" 200 133
"GET /api/chapters/?subject[]= HTTP/1.1" 200 14018
<rest_framework.request.Request: GET '/api/chapters/?subject[]='>
<QuerySet [<Chapter: Limites et continuité_None>, <Chapter: Dérivation et étude des fonctions_None>, <Chapter: Théorème des accroissements finis (TAF)_None>, <Chapter: Suites numériques_None>, <Chapter: Fonctions logarithmiques_None>, <Chapter: Fonctions exponentielles_None>, <Chapter: Équations différentielles_None>, <Chapter: Fonctions primitives_None>, <Chapter: Calcul intégral_None>, <Chapter: Nombres complexes_None>, <Chapter: Arithmétique_None>, <Chapter: Structures algébriques_None>, <Chapter: Probabilités_None>, <Chapter: Espaces vectoriels_None>, <Chapter: Produit scalaire_None>, <Chapter: Produit vectoriel_None>, <Chapter: Dénombrement_None>, <Chapter: Ondes mécaniques progressives_None>, <Chapter: Ondes mécaniques progressives périodiques_None>, <Chapter: Propagation des ondes lumineuses_None>, '...(remaining elements truncated)...']>
"GET /api/chapters/?subject[]= HTTP/1.1" 200 14018
"GET /api/subjects/ HTTP/1.1" 200 52
"GET /api/class-levels/ HTTP/1.1" 200 133
"GET /api/subjects/ HTTP/1.1" 200 52
"GET /api/class-levels/ HTTP/1.1" 200 133
"GET /api/subjects/?class_level[]=2 HTTP/1.1" 200 316
"OPTIONS /api/chapters/?subject[]=1&class_level[]=2 HTTP/1.1" 200 0
<rest_framework.request.Request: GET '/api/chapters/?subject[]=1&class_level[]=2'>
<QuerySet [<Chapter: Limites et continuité_None>, <Chapter: Dérivation et étude des fonctions_None>, <Chapter: Suites numériques_None>, <Chapter: Fonctions logarithmiques_None>, <Chapter: Fonctions exponentielles_None>, <Chapter: Équations différentielles_None>, <Chapter: Fonctions primitives_None>, <Chapter: Calcul intégral_None>, <Chapter: Nombres complexes_None>, <Chapter: Probabilités_None>, <Chapter: Produit scalaire_None>, <Chapter: Produit vectoriel_None>, <Chapter: Dénombrement_None>]>
"GET /api/chapters/?subject[]=1&class_level[]=2 HTTP/1.1" 200 3711
"OPTIONS /api/chapters/?subject[]=2&class_level[]=2 HTTP/1.1" 200 0
<rest_framework.request.Request: GET '/api/chapters/?subject[]=2&class_level[]=2'>
<QuerySet [<Chapter: Ondes mécaniques progressives_None>, <Chapter: Ondes mécaniques progressives périodiques_None>, <Chapter: Propagation des ondes lumineuses_None>, <Chapter: Décroissance radioactive_None>, <Chapter: Noyaux, masse et énergie_None>, <Chapter: Dipôle RC_None>, <Chapter: Dipôle RL_None>, <Chapter: Oscillations libres d'un circuit RLC série_None>, <Chapter: Circuit RLC série en régime sinusoïdal forcé_None>, <Chapter: Ondes électromagnétiques_None>, <Chapter: Modulation d'amplitude_None>, <Chapter: Transformations lentes et rapides_None>, <Chapter: Suivi temporel d'une transformation chimique - Vitesse de réaction_None>, <Chapter: Transformations chimiques s'effectuant dans les deux sens_None>, <Chapter: État d'équilibre d'un système chimique_None>, <Chapter: Transformations liées à des réactions acide-base_None>, <Chapter: Dosage acido-basique_None>, <Chapter: Lois de Newton_None>, <Chapter: Chute libre verticale d’un solide_None>, <Chapter: Mouvements plans_None>, '...(remaining elements truncated)...']>
"GET /api/chapters/?subject[]=2&class_level[]=2 HTTP/1.1" 200 9342
<rest_framework.request.Request: GET '/api/chapters/?subject[]=1&class_level[]=2'>
<QuerySet [<Chapter: Limites et continuité_None>, <Chapter: Dérivation et étude des fonctions_None>, <Chapter: Suites numériques_None>, <Chapter: Fonctions logarithmiques_None>, <Chapter: Fonctions exponentielles_None>, <Chapter: Équations différentielles_None>, <Chapter: Fonctions primitives_None>, <Chapter: Calcul intégral_None>, <Chapter: Nombres complexes_None>, <Chapter: Probabilités_None>, <Chapter: Produit scalaire_None>, <Chapter: Produit vectoriel_None>, <Chapter: Dénombrement_None>]>
"GET /api/chapters/?subject[]=1&class_level[]=2 HTTP/1.1" 200 3711
<rest_framework.request.Request: GET '/api/chapters/?subject[]=2&class_level[]=2'>
<QuerySet [<Chapter: Ondes mécaniques progressives_None>, <Chapter: Ondes mécaniques progressives périodiques_None>, <Chapter: Propagation des ondes lumineuses_None>, <Chapter: Décroissance radioactive_None>, <Chapter: Noyaux, masse et énergie_None>, <Chapter: Dipôle RC_None>, <Chapter: Dipôle RL_None>, <Chapter: Oscillations libres d'un circuit RLC série_None>, <Chapter: Circuit RLC série en régime sinusoïdal forcé_None>, <Chapter: Ondes électromagnétiques_None>, <Chapter: Modulation d'amplitude_None>, <Chapter: Transformations lentes et rapides_None>, <Chapter: Suivi temporel d'une transformation chimique - Vitesse de réaction_None>, <Chapter: Transformations chimiques s'effectuant dans les deux sens_None>, <Chapter: État d'équilibre d'un système chimique_None>, <Chapter: Transformations liées à des réactions acide-base_None>, <Chapter: Dosage acido-basique_None>, <Chapter: Lois de Newton_None>, <Chapter: Chute libre verticale d’un solide_None>, <Chapter: Mouvements plans_None>, '...(remaining elements truncated)...']>
"GET /api/chapters/?subject[]=2&class_level[]=2 HTTP/1.1" 200 9342
"GET /api/subjects/ HTTP/1.1" 200 52
C:\Users\Natsu\OneDrive\Bureau\Ninasu\backend\things\models.py changed, reloading.
Watching for file changes with StatReloader
C:\Users\Natsu\OneDrive\Bureau\Ninasu\backend\things\models.py changed, reloading.
Watching for file changes with StatReloader
C:\Users\Natsu\OneDrive\Bureau\Ninasu\backend\things\models.py changed, reloading.
Watching for file changes with StatReloader
"OPTIONS /api/auth/logout/ HTTP/1.1" 200 0
"POST /api/auth/logout/ HTTP/1.1" 200 0
"POST /api/auth/login/ HTTP/1.1" 200 330
"GET /api/auth/user/ HTTP/1.1" 200 330
"GET /api/exercises/ HTTP/1.1" 200 52
"GET /api/exercises/ HTTP/1.1" 200 52
"POST /api/auth/logout/ HTTP/1.1" 200 0
"POST /api/auth/login/ HTTP/1.1" 200 330
"GET /api/auth/user/ HTTP/1.1" 200 330
"GET /api/subjects/ HTTP/1.1" 200 52
"GET /api/exercises/ HTTP/1.1" 200 52
"GET /api/class-levels/ HTTP/1.1" 200 133
"GET /api/subjects/ HTTP/1.1" 200 52
"GET /api/exercises/ HTTP/1.1" 200 52
"GET /api/class-levels/ HTTP/1.1" 200 133
"GET /api/exercises/ HTTP/1.1" 200 52
"GET /api/exercises/ HTTP/1.1" 200 52
